1641572848013:help
1641572865864:create training
1641572878366:create-training
1641572912678:get-list-of-all-trainings
1641576621236:HELP
1641576623164:help
1641576639869:get-list-of-all-trainings
1641637696893:help
1641637712457:get-list-of-all-trainings
1641638870912:help
1641638895939:get-list-of-all-trainings
1641638983565:help
1641639002096:set-training
1641639012699:set-training 4
1641639026245:print-training
1641639045483:update-training
1641639058531:update-training 7
1641639090615:get-list-of-all-trainings
1641639425124:help
1641639437406:get-list-of-all-trainings
1641639451771:set-training 8
1641639462245:print-training
1641665604976:help
1641665618639:get-list-of-all-trainings
